2016-04-14 17:54:17 INFO  DBConnectionManager:27 - Connected to jdbc:mysql://cse.unl.edu:3306/pluddy
2016-04-17 20:52:24 INFO  DBConnectionManager:27 - Connected to jdbc:mysql://cse.unl.edu:3306/pluddy
2016-04-17 20:52:24 INFO  UserManager:159 - Get Users Successful
2016-04-17 20:52:24 INFO  UserManager:173 - User pluddy Validated
2016-04-17 20:52:44 INFO  DBConnectionManager:27 - Connected to jdbc:mysql://cse.unl.edu:3306/pluddy
2016-04-17 20:52:44 INFO  DBConnectionManager:27 - Connected to jdbc:mysql://cse.unl.edu:3306/pluddy
2016-04-17 20:52:44 INFO  HotelAmenityManager:82 - Get HotelAmenities Successful
2016-04-17 20:52:44 INFO  DBConnectionManager:27 - Connected to jdbc:mysql://cse.unl.edu:3306/pluddy
2016-04-17 20:52:44 INFO  HotelRoomManager:108 - Get HotelRooms Successful
2016-04-17 20:52:44 INFO  DBConnectionManager:27 - Connected to jdbc:mysql://cse.unl.edu:3306/pluddy
2016-04-17 20:52:44 INFO  HotelReviewManager:86 - Get HotelReviews Successful
2016-04-17 20:52:44 INFO  DBConnectionManager:27 - Connected to jdbc:mysql://cse.unl.edu:3306/pluddy
2016-04-17 20:52:44 INFO  HotelAmenityManager:82 - Get HotelAmenities Successful
2016-04-17 20:52:44 INFO  DBConnectionManager:27 - Connected to jdbc:mysql://cse.unl.edu:3306/pluddy
2016-04-17 20:52:44 INFO  HotelRoomManager:108 - Get HotelRooms Successful
2016-04-17 20:52:44 INFO  DBConnectionManager:27 - Connected to jdbc:mysql://cse.unl.edu:3306/pluddy
2016-04-17 20:52:44 INFO  HotelReviewManager:86 - Get HotelReviews Successful
2016-04-17 20:52:44 INFO  DBConnectionManager:27 - Connected to jdbc:mysql://cse.unl.edu:3306/pluddy
2016-04-17 20:52:44 INFO  HotelAmenityManager:82 - Get HotelAmenities Successful
2016-04-17 20:52:44 INFO  DBConnectionManager:27 - Connected to jdbc:mysql://cse.unl.edu:3306/pluddy
2016-04-17 20:52:44 INFO  HotelRoomManager:108 - Get HotelRooms Successful
2016-04-17 20:52:44 INFO  DBConnectionManager:27 - Connected to jdbc:mysql://cse.unl.edu:3306/pluddy
2016-04-17 20:52:44 INFO  HotelReviewManager:86 - Get HotelReviews Successful
2016-04-17 20:52:44 INFO  HotelManager:101 - Get Hotel Successful
2016-04-17 20:53:06 INFO  DBConnectionManager:27 - Connected to jdbc:mysql://cse.unl.edu:3306/pluddy
2016-04-17 20:53:06 INFO  DBConnectionManager:27 - Connected to jdbc:mysql://cse.unl.edu:3306/pluddy
2016-04-17 20:53:06 INFO  HotelAmenityManager:82 - Get HotelAmenities Successful
2016-04-17 20:53:06 INFO  DBConnectionManager:27 - Connected to jdbc:mysql://cse.unl.edu:3306/pluddy
2016-04-17 20:53:06 INFO  HotelRoomManager:108 - Get HotelRooms Successful
2016-04-17 20:53:06 INFO  DBConnectionManager:27 - Connected to jdbc:mysql://cse.unl.edu:3306/pluddy
2016-04-17 20:53:06 INFO  HotelReviewManager:86 - Get HotelReviews Successful
2016-04-17 20:53:06 INFO  HotelManager:101 - Get Hotel Successful
2016-04-18 15:13:26 INFO  DBConnectionManager:27 - Connected to jdbc:mysql://cse.unl.edu:3306/pluddy
2016-04-18 15:13:26 INFO  UserManager:221 - User pluddy Added
2016-04-18 15:13:34 INFO  DBConnectionManager:27 - Connected to jdbc:mysql://cse.unl.edu:3306/pluddy
2016-04-18 15:13:34 INFO  UserManager:171 - Get Users Successful
2016-04-18 15:13:34 INFO  UserManager:185 - User pluddy Validated
